<?xml version="1.0" encoding="UTF-8"?>
<!-- Generated by org.testng.reporters.JUnitReportReporter -->
<testsuite name="commons.ExcelReaderData" tests="2" time="0.017" ignored="0" failures="0" timestamp="14 Jul 2019 09:21:30 GMT" skipped="0" hostname="User-PC" errors="0">
  <testcase name="integrationTest" time="0.002" classname="commons.ExcelReaderData"/>
  <testcase name="integrationTest" time="0.015" classname="commons.ExcelReaderData"/>
</testsuite> <!-- commons.ExcelReaderData -->
