<?xml version="1.0" encoding="UTF-8"?>
<!-- Generated by org.testng.reporters.JUnitReportReporter -->
<testsuite name="tests.driverScript" tests="9" time="2948.721" ignored="72" failures="0" timestamp="15 Sep 2019 06:07:46 GMT" skipped="0" hostname="User-PC" errors="0">
  <testcase name="CreateVersionOfAssessmentTemplate" time="325.435" classname="tests.driverScript"/>
  <testcase name="createMplacecategory" time="124.944" classname="tests.driverScript"/>
  <testcase name="creatSubmitAssessmentAndVerifyResult" time="614.632" classname="tests.driverScript"/>
  <testcase name="createUser" time="163.876" classname="tests.driverScript"/>
  <testcase name="CreateAuthorityAndProvisionFromHost" time="120.657" classname="tests.driverScript"/>
  <testcase name="createAssessmentTemplateAndAssessment" time="603.519" classname="tests.driverScript"/>
  <testcase name="CreateMarketplaceAssessmentTemplate" time="546.081" classname="tests.driverScript"/>
  <testcase name="CustomBrandingForServiceProvider_1" time="244.515" classname="tests.driverScript"/>
  <testcase name="CustomBrandingForServiceProvider_2" time="205.062" classname="tests.driverScript"/>
  <testcase name="creatSubmitAssessmentAndVerifyResult" classname="tests.driverScript">
    <skipped/>
  </testcase> <!-- creatSubmitAssessmentAndVerifyResult -->
  <testcase name="creatSubmitAssessmentAndVerifyResult" classname="tests.driverScript">
    <skipped/>
  </testcase> <!-- creatSubmitAssessmentAndVerifyResult -->
  <testcase name="creatSubmitAssessmentAndVerifyResult" classname="tests.driverScript">
    <skipped/>
  </testcase> <!-- creatSubmitAssessmentAndVerifyResult -->
  <testcase name="creatSubmitAssessmentAndVerifyResult" classname="tests.driverScript">
    <skipped/>
  </testcase> <!-- creatSubmitAssessmentAndVerifyResult -->
  <testcase name="creatSubmitAssessmentAndVerifyResult" classname="tests.driverScript">
    <skipped/>
  </testcase> <!-- creatSubmitAssessmentAndVerifyResult -->
  <testcase name="creatSubmitAssessmentAndVerifyResult" classname="tests.driverScript">
    <skipped/>
  </testcase> <!-- creatSubmitAssessmentAndVerifyResult -->
  <testcase name="creatSubmitAssessmentAndVerifyResult" classname="tests.driverScript">
    <skipped/>
  </testcase> <!-- creatSubmitAssessmentAndVerifyResult -->
  <testcase name="creatSubmitAssessmentAndVerifyResult" classname="tests.driverScript">
    <skipped/>
  </testcase> <!-- creatSubmitAssessmentAndVerifyResult -->
  <testcase name="createMplacecategory" classname="tests.driverScript">
    <skipped/>
  </testcase> <!-- createMplacecategory -->
  <testcase name="createMplacecategory" classname="tests.driverScript">
    <skipped/>
  </testcase> <!-- createMplacecategory -->
  <testcase name="createMplacecategory" classname="tests.driverScript">
    <skipped/>
  </testcase> <!-- createMplacecategory -->
  <testcase name="createMplacecategory" classname="tests.driverScript">
    <skipped/>
  </testcase> <!-- createMplacecategory -->
  <testcase name="createMplacecategory" classname="tests.driverScript">
    <skipped/>
  </testcase> <!-- createMplacecategory -->
  <testcase name="createMplacecategory" classname="tests.driverScript">
    <skipped/>
  </testcase> <!-- createMplacecategory -->
  <testcase name="createMplacecategory" classname="tests.driverScript">
    <skipped/>
  </testcase> <!-- createMplacecategory -->
  <testcase name="createMplacecategory" classname="tests.driverScript">
    <skipped/>
  </testcase> <!-- createMplacecategory -->
  <testcase name="CreateMarketplaceAssessmentTemplate" classname="tests.driverScript">
    <skipped/>
  </testcase> <!-- CreateMarketplaceAssessmentTemplate -->
  <testcase name="CreateMarketplaceAssessmentTemplate" classname="tests.driverScript">
    <skipped/>
  </testcase> <!-- CreateMarketplaceAssessmentTemplate -->
  <testcase name="CreateMarketplaceAssessmentTemplate" classname="tests.driverScript">
    <skipped/>
  </testcase> <!-- CreateMarketplaceAssessmentTemplate -->
  <testcase name="CreateMarketplaceAssessmentTemplate" classname="tests.driverScript">
    <skipped/>
  </testcase> <!-- CreateMarketplaceAssessmentTemplate -->
  <testcase name="CreateMarketplaceAssessmentTemplate" classname="tests.driverScript">
    <skipped/>
  </testcase> <!-- CreateMarketplaceAssessmentTemplate -->
  <testcase name="CreateMarketplaceAssessmentTemplate" classname="tests.driverScript">
    <skipped/>
  </testcase> <!-- CreateMarketplaceAssessmentTemplate -->
  <testcase name="CreateMarketplaceAssessmentTemplate" classname="tests.driverScript">
    <skipped/>
  </testcase> <!-- CreateMarketplaceAssessmentTemplate -->
  <testcase name="CreateMarketplaceAssessmentTemplate" classname="tests.driverScript">
    <skipped/>
  </testcase> <!-- CreateMarketplaceAssessmentTemplate -->
  <testcase name="CreateAuthorityAndProvisionFromHost" classname="tests.driverScript">
    <skipped/>
  </testcase> <!-- CreateAuthorityAndProvisionFromHost -->
  <testcase name="CreateAuthorityAndProvisionFromHost" classname="tests.driverScript">
    <skipped/>
  </testcase> <!-- CreateAuthorityAndProvisionFromHost -->
  <testcase name="CreateAuthorityAndProvisionFromHost" classname="tests.driverScript">
    <skipped/>
  </testcase> <!-- CreateAuthorityAndProvisionFromHost -->
  <testcase name="CreateAuthorityAndProvisionFromHost" classname="tests.driverScript">
    <skipped/>
  </testcase> <!-- CreateAuthorityAndProvisionFromHost -->
  <testcase name="CreateAuthorityAndProvisionFromHost" classname="tests.driverScript">
    <skipped/>
  </testcase> <!-- CreateAuthorityAndProvisionFromHost -->
  <testcase name="CreateAuthorityAndProvisionFromHost" classname="tests.driverScript">
    <skipped/>
  </testcase> <!-- CreateAuthorityAndProvisionFromHost -->
  <testcase name="CreateAuthorityAndProvisionFromHost" classname="tests.driverScript">
    <skipped/>
  </testcase> <!-- CreateAuthorityAndProvisionFromHost -->
  <testcase name="CreateAuthorityAndProvisionFromHost" classname="tests.driverScript">
    <skipped/>
  </testcase> <!-- CreateAuthorityAndProvisionFromHost -->
  <testcase name="createUser" classname="tests.driverScript">
    <skipped/>
  </testcase> <!-- createUser -->
  <testcase name="createUser" classname="tests.driverScript">
    <skipped/>
  </testcase> <!-- createUser -->
  <testcase name="createUser" classname="tests.driverScript">
    <skipped/>
  </testcase> <!-- createUser -->
  <testcase name="createUser" classname="tests.driverScript">
    <skipped/>
  </testcase> <!-- createUser -->
  <testcase name="createUser" classname="tests.driverScript">
    <skipped/>
  </testcase> <!-- createUser -->
  <testcase name="createUser" classname="tests.driverScript">
    <skipped/>
  </testcase> <!-- createUser -->
  <testcase name="createUser" classname="tests.driverScript">
    <skipped/>
  </testcase> <!-- createUser -->
  <testcase name="createUser" classname="tests.driverScript">
    <skipped/>
  </testcase> <!-- createUser -->
  <testcase name="createAssessmentTemplateAndAssessment" classname="tests.driverScript">
    <skipped/>
  </testcase> <!-- createAssessmentTemplateAndAssessment -->
  <testcase name="createAssessmentTemplateAndAssessment" classname="tests.driverScript">
    <skipped/>
  </testcase> <!-- createAssessmentTemplateAndAssessment -->
  <testcase name="createAssessmentTemplateAndAssessment" classname="tests.driverScript">
    <skipped/>
  </testcase> <!-- createAssessmentTemplateAndAssessment -->
  <testcase name="createAssessmentTemplateAndAssessment" classname="tests.driverScript">
    <skipped/>
  </testcase> <!-- createAssessmentTemplateAndAssessment -->
  <testcase name="createAssessmentTemplateAndAssessment" classname="tests.driverScript">
    <skipped/>
  </testcase> <!-- createAssessmentTemplateAndAssessment -->
  <testcase name="createAssessmentTemplateAndAssessment" classname="tests.driverScript">
    <skipped/>
  </testcase> <!-- createAssessmentTemplateAndAssessment -->
  <testcase name="createAssessmentTemplateAndAssessment" classname="tests.driverScript">
    <skipped/>
  </testcase> <!-- createAssessmentTemplateAndAssessment -->
  <testcase name="createAssessmentTemplateAndAssessment" classname="tests.driverScript">
    <skipped/>
  </testcase> <!-- createAssessmentTemplateAndAssessment -->
  <testcase name="CustomBrandingForServiceProvider_1" classname="tests.driverScript">
    <skipped/>
  </testcase> <!-- CustomBrandingForServiceProvider_1 -->
  <testcase name="CustomBrandingForServiceProvider_1" classname="tests.driverScript">
    <skipped/>
  </testcase> <!-- CustomBrandingForServiceProvider_1 -->
  <testcase name="CustomBrandingForServiceProvider_1" classname="tests.driverScript">
    <skipped/>
  </testcase> <!-- CustomBrandingForServiceProvider_1 -->
  <testcase name="CustomBrandingForServiceProvider_1" classname="tests.driverScript">
    <skipped/>
  </testcase> <!-- CustomBrandingForServiceProvider_1 -->
  <testcase name="CustomBrandingForServiceProvider_1" classname="tests.driverScript">
    <skipped/>
  </testcase> <!-- CustomBrandingForServiceProvider_1 -->
  <testcase name="CustomBrandingForServiceProvider_1" classname="tests.driverScript">
    <skipped/>
  </testcase> <!-- CustomBrandingForServiceProvider_1 -->
  <testcase name="CustomBrandingForServiceProvider_1" classname="tests.driverScript">
    <skipped/>
  </testcase> <!-- CustomBrandingForServiceProvider_1 -->
  <testcase name="CustomBrandingForServiceProvider_1" classname="tests.driverScript">
    <skipped/>
  </testcase> <!-- CustomBrandingForServiceProvider_1 -->
  <testcase name="CustomBrandingForServiceProvider_2" classname="tests.driverScript">
    <skipped/>
  </testcase> <!-- CustomBrandingForServiceProvider_2 -->
  <testcase name="CustomBrandingForServiceProvider_2" classname="tests.driverScript">
    <skipped/>
  </testcase> <!-- CustomBrandingForServiceProvider_2 -->
  <testcase name="CustomBrandingForServiceProvider_2" classname="tests.driverScript">
    <skipped/>
  </testcase> <!-- CustomBrandingForServiceProvider_2 -->
  <testcase name="CustomBrandingForServiceProvider_2" classname="tests.driverScript">
    <skipped/>
  </testcase> <!-- CustomBrandingForServiceProvider_2 -->
  <testcase name="CustomBrandingForServiceProvider_2" classname="tests.driverScript">
    <skipped/>
  </testcase> <!-- CustomBrandingForServiceProvider_2 -->
  <testcase name="CustomBrandingForServiceProvider_2" classname="tests.driverScript">
    <skipped/>
  </testcase> <!-- CustomBrandingForServiceProvider_2 -->
  <testcase name="CustomBrandingForServiceProvider_2" classname="tests.driverScript">
    <skipped/>
  </testcase> <!-- CustomBrandingForServiceProvider_2 -->
  <testcase name="CustomBrandingForServiceProvider_2" classname="tests.driverScript">
    <skipped/>
  </testcase> <!-- CustomBrandingForServiceProvider_2 -->
  <testcase name="CreateVersionOfAssessmentTemplate" classname="tests.driverScript">
    <skipped/>
  </testcase> <!-- CreateVersionOfAssessmentTemplate -->
  <testcase name="CreateVersionOfAssessmentTemplate" classname="tests.driverScript">
    <skipped/>
  </testcase> <!-- CreateVersionOfAssessmentTemplate -->
  <testcase name="CreateVersionOfAssessmentTemplate" classname="tests.driverScript">
    <skipped/>
  </testcase> <!-- CreateVersionOfAssessmentTemplate -->
  <testcase name="CreateVersionOfAssessmentTemplate" classname="tests.driverScript">
    <skipped/>
  </testcase> <!-- CreateVersionOfAssessmentTemplate -->
  <testcase name="CreateVersionOfAssessmentTemplate" classname="tests.driverScript">
    <skipped/>
  </testcase> <!-- CreateVersionOfAssessmentTemplate -->
  <testcase name="CreateVersionOfAssessmentTemplate" classname="tests.driverScript">
    <skipped/>
  </testcase> <!-- CreateVersionOfAssessmentTemplate -->
  <testcase name="CreateVersionOfAssessmentTemplate" classname="tests.driverScript">
    <skipped/>
  </testcase> <!-- CreateVersionOfAssessmentTemplate -->
  <testcase name="CreateVersionOfAssessmentTemplate" classname="tests.driverScript">
    <skipped/>
  </testcase> <!-- CreateVersionOfAssessmentTemplate -->
</testsuite> <!-- tests.driverScript -->
