<?xml version="1.0" encoding="UTF-8"?>
<!-- Generated by org.testng.reporters.JUnitReportReporter -->
<testsuite ignored="8" hostname="DESKTOP-OPHQ3EL" failures="0" tests="1" name="tests.driverScript" time="369.076" errors="0" timestamp="28 Jan 2020 17:15:47 GMT" skipped="0">
  <testcase classname="tests.driverScript" name="CreateVersionOfAssessmentTemplate" time="369.076"/>
  <testcase classname="tests.driverScript" name="CreateMarketplaceAssessmentTemplate">
    <skipped/>
  </testcase> <!-- CreateMarketplaceAssessmentTemplate -->
  <testcase classname="tests.driverScript" name="CreateAuthorityAndProvisionFromHost">
    <skipped/>
  </testcase> <!-- CreateAuthorityAndProvisionFromHost -->
  <testcase classname="tests.driverScript" name="creatSubmitAssessmentAndVerifyResult">
    <skipped/>
  </testcase> <!-- creatSubmitAssessmentAndVerifyResult -->
  <testcase classname="tests.driverScript" name="createUser">
    <skipped/>
  </testcase> <!-- createUser -->
  <testcase classname="tests.driverScript" name="createAssessmentTemplateAndAssessment">
    <skipped/>
  </testcase> <!-- createAssessmentTemplateAndAssessment -->
  <testcase classname="tests.driverScript" name="CustomBrandingForServiceProvider_1">
    <skipped/>
  </testcase> <!-- CustomBrandingForServiceProvider_1 -->
  <testcase classname="tests.driverScript" name="createMplacecategory">
    <skipped/>
  </testcase> <!-- createMplacecategory -->
  <testcase classname="tests.driverScript" name="CustomBrandingForServiceProvider_2">
    <skipped/>
  </testcase> <!-- CustomBrandingForServiceProvider_2 -->
</testsuite> <!-- tests.driverScript -->
