<?xml version="1.0" encoding="UTF-8"?>
<!-- Generated by org.testng.reporters.JUnitReportReporter -->
<testsuite name="commons.ExcelReader" tests="1" time="0.000" ignored="0" failures="0" timestamp="14 Jul 2019 08:59:16 GMT" skipped="1" hostname="User-PC" errors="0">
  <testcase name="getDate" time="0.000" classname="commons.ExcelReader">
    <skipped/>
  </testcase> <!-- getDate -->
</testsuite> <!-- commons.ExcelReader -->
